app/build/intermediates/manifest_merge_blame_file/debug/manifest-merger-blame-debug-report.txt
1<?xml version="1.0" encoding="utf-8"?>
2<manifest xmlns:android="http://schemas.android.com/apk/res/android"
3    package="biz.filmeroo.premier"
4    android:versionCode="1"
5    android:versionName="1.0" >
6
7    <uses-sdk
8        android:minSdkVersion="23"
8-->src/main/AndroidManifest.xml
9        android:targetSdkVersion="31" />
9-->src/main/AndroidManifest.xml
10
11    <uses-permission android:name="android.permission.INTERNET" />
11-->src/main/AndroidManifest.xml:6:3-65
11-->src/main/AndroidManifest.xml:6:20-62
12
13    <application
13-->src/main/AndroidManifest.xml:8:3-34:17
14        android:name="biz.filmeroo.premier.app.PremierApp"
14-->src/main/AndroidManifest.xml:9:5-35
15        android:allowBackup="false"
15-->src/main/AndroidManifest.xml:14:5-32
16        android:appComponentFactory="androidx.core.app.CoreComponentFactory"
16-->[androidx.core:core:1.7.0] AndroidManifest.xml:24:18-86
17        android:debuggable="true"
18        android:extractNativeLibs="false"
19        android:icon="@mipmap/ic_launcher"
19-->src/main/AndroidManifest.xml:10:5-39
20        android:label="@string/app_name"
20-->src/main/AndroidManifest.xml:11:5-37
21        android:roundIcon="@mipmap/ic_launcher_round"
21-->src/main/AndroidManifest.xml:12:5-50
22        android:testOnly="true"
23        android:theme="@style/AppTheme" >
23-->src/main/AndroidManifest.xml:13:5-36
24        <activity
24-->src/main/AndroidManifest.xml:17:5-24:16
25            android:name="biz.filmeroo.premier.main.MainActivity"
25-->src/main/AndroidManifest.xml:18:9-42
26            android:exported="true" >
26-->src/main/AndroidManifest.xml:19:9-32
27            <intent-filter>
27-->src/main/AndroidManifest.xml:20:7-23:23
28                <action android:name="android.intent.action.MAIN" />
28-->src/main/AndroidManifest.xml:21:9-60
28-->src/main/AndroidManifest.xml:21:17-58
29
30                <category android:name="android.intent.category.LAUNCHER" />
30-->src/main/AndroidManifest.xml:22:9-68
30-->src/main/AndroidManifest.xml:22:19-66
31            </intent-filter>
32        </activity>
33        <activity
33-->src/main/AndroidManifest.xml:26:5-28:45
34            android:name="biz.filmeroo.premier.detail.DetailActivity"
34-->src/main/AndroidManifest.xml:27:9-46
35            android:label="@string/top_movies" />
35-->src/main/AndroidManifest.xml:28:9-43
36        <activity android:name="biz.filmeroo.premier.main.SearchActivity" />
36-->src/main/AndroidManifest.xml:30:5-53
36-->src/main/AndroidManifest.xml:30:15-50
37        <activity android:name="biz.filmeroo.premier.main.SearchActivity" />
37-->src/main/AndroidManifest.xml:30:5-53
37-->src/main/AndroidManifest.xml:30:15-50
38
39        <provider
39-->[com.squareup.picasso:picasso:2.71828] AndroidManifest.xml:8:9-11:40
40            android:name="com.squareup.picasso.PicassoProvider"
40-->[com.squareup.picasso:picasso:2.71828] AndroidManifest.xml:9:13-64
41            android:authorities="biz.filmeroo.premier.com.squareup.picasso"
41-->[com.squareup.picasso:picasso:2.71828] AndroidManifest.xml:10:13-72
42            android:exported="false" />
42-->[com.squareup.picasso:picasso:2.71828] AndroidManifest.xml:11:13-37
43        <provider
43-->[androidx.emoji2:emoji2:1.0.0] AndroidManifest.xml:26:9-34:20
44            android:name="androidx.startup.InitializationProvider"
44-->[androidx.emoji2:emoji2:1.0.0] AndroidManifest.xml:27:13-67
45            android:authorities="biz.filmeroo.premier.androidx-startup"
45-->[androidx.emoji2:emoji2:1.0.0] AndroidManifest.xml:28:13-68
46            android:exported="false" >
46-->[androidx.emoji2:emoji2:1.0.0] AndroidManifest.xml:29:13-37
47            <meta-data
47-->[androidx.emoji2:emoji2:1.0.0] AndroidManifest.xml:31:13-33:52
48                android:name="androidx.emoji2.text.EmojiCompatInitializer"
48-->[androidx.emoji2:emoji2:1.0.0] AndroidManifest.xml:32:17-75
49                android:value="androidx.startup" />
49-->[androidx.emoji2:emoji2:1.0.0] AndroidManifest.xml:33:17-49
50            <meta-data
50-->[androidx.lifecycle:lifecycle-process:2.4.0] AndroidManifest.xml:31:13-33:52
51                android:name="androidx.lifecycle.ProcessLifecycleInitializer"
51-->[androidx.lifecycle:lifecycle-process:2.4.0] AndroidManifest.xml:32:17-78
52                android:value="androidx.startup" />
52-->[androidx.lifecycle:lifecycle-process:2.4.0] AndroidManifest.xml:33:17-49
53        </provider>
54    </application>
55
56</manifest>